\BOOKMARK [0][-]{dummy.3}{\376\377\000A\000P\000P\000R\000O\000V\000A\000L\000\040\000O\000F\000\040\000T\000H\000E\000S\000I\000S}{}% 1
\BOOKMARK [0][-]{dummy.4}{\376\377\000D\000E\000C\000L\000A\000R\000A\000T\000I\000O\000N}{}% 2
\BOOKMARK [0][-]{dummy.5}{\376\377\000C\000E\000R\000T\000I\000F\000I\000C\000A\000T\000E}{}% 3
\BOOKMARK [0][-]{dummy.6}{\376\377\000A\000C\000K\000N\000O\000W\000L\000E\000D\000G\000E\000M\000E\000N\000T}{}% 4
\BOOKMARK [0][-]{dummy.7}{\376\377\000A\000B\000S\000T\000R\000A\000C\000T}{}% 5
\BOOKMARK [0][-]{dummy.8}{\376\377\000T\000A\000B\000L\000E\000\040\000O\000F\000\040\000C\000O\000N\000T\000E\000N\000T\000S}{}% 6
\BOOKMARK [0][-]{dummy.10}{\376\377\000L\000I\000S\000T\000\040\000O\000F\000\040\000T\000A\000B\000L\000E\000S}{}% 7
\BOOKMARK [0][-]{dummy.12}{\376\377\000L\000I\000S\000T\000\040\000O\000F\000\040\000F\000I\000G\000U\000R\000E\000S}{}% 8
\BOOKMARK [0][-]{dummy.14}{\376\377\000G\000L\000O\000S\000S\000A\000R\000Y}{}% 9
\BOOKMARK [0][-]{dummy.15}{\376\377\000A\000B\000B\000R\000E\000V\000I\000A\000T\000I\000O\000N\000S}{}% 10
\BOOKMARK [0][-]{dummy.17}{\376\377\000P\000H\000Y\000S\000I\000C\000A\000L\000\040\000C\000O\000N\000S\000T\000A\000N\000T\000S}{}% 11
\BOOKMARK [0][-]{dummy.19}{\376\377\000S\000Y\000M\000B\000O\000L\000S}{}% 12
\BOOKMARK [0][-]{chapter.21}{\376\377\0001\000\040\000I\000N\000T\000R\000O\000D\000U\000C\000T\000I\000O\000N}{}% 13
\BOOKMARK [1][-]{section.22}{\376\377\0001\000.\0001\000\040\000B\000A\000C\000K\000G\000R\000O\000U\000N\000D}{chapter.21}% 14
\BOOKMARK [1][-]{section.23}{\376\377\0001\000.\0002\000\040\000N\000E\000E\000D\000\040\000O\000F\000\040\000T\000H\000I\000S\000\040\000R\000E\000S\000E\000A\000R\000C\000H}{chapter.21}% 15
\BOOKMARK [0][-]{chapter.24}{\376\377\0002\000\040\000D\000e\000s\000i\000g\000n\000\040\000a\000n\000d\000\040\000D\000e\000v\000e\000l\000o\000p\000m\000e\000n\000t}{}% 16
\BOOKMARK [1][-]{section.25}{\376\377\0002\000.\0001\000\040\000S\000a\000m\000p\000l\000e\000\040\000F\000i\000g\000u\000r\000e\000s}{chapter.24}% 17
\BOOKMARK [1][-]{section.27}{\376\377\0002\000.\0002\000\040\000C\000i\000t\000a\000t\000i\000o\000n\000s}{chapter.24}% 18
\BOOKMARK [1][-]{section.28}{\376\377\0002\000.\0003\000\040\000S\000a\000m\000p\000l\000e\000\040\000T\000a\000b\000l\000e}{chapter.24}% 19
\BOOKMARK [0][-]{dummy.30}{\376\377\000B\000i\000b\000l\000i\000o\000g\000r\000a\000p\000h\000y}{}% 20
\BOOKMARK [0][-]{dummy.32}{\376\377\000P\000U\000B\000L\000I\000C\000A\000T\000I\000O\000N\000S\000\040\000A\000N\000D\000\040\000P\000R\000E\000S\000E\000N\000T\000A\000T\000I\000O\000N\000S}{}% 21
\BOOKMARK [0][-]{appendix*.45}{\376\377\000A\000p\000p\000e\000n\000d\000i\000x\000\040\000A\000.\000\040\000T\000i\000t\000l\000e}{}% 22
\BOOKMARK [0][-]{appendix*.46}{\376\377\000A\000p\000p\000e\000n\000d\000i\000x\000\040\000B\000.\000\040\000T\000i\000t\000l\000e}{}% 23
\BOOKMARK [0][-]{section*.47}{\376\377\000I\000n\000d\000e\000x}{}% 24
